
-----------
Test: tests/test_google_test_api.py::Test_create_place::test_create_new_place (call)
Date: 2023-04-02 13:09:45.606951
Request: POST https://rahulshettyacademy.com/maps/api/place/add/json?key=qaclick123

Response code: 200
Response headers: {'Date': 'Sun, 02 Apr 2023 10:09:46 GMT', 'Server': 'Apache/2.4.41 (Ubuntu)', 'Access-Control-Allow-Origin': '*', 'Access-Control-Allow-Methods': 'POST', 'Access-Control-Max-Age': '3600', 'Access-Control-Allow-Headers': 'Content-Type, Access-Control-Allow-Headers, Authorization, X-Requested-With', 'Content-Length': '194', 'Keep-Alive': 'timeout=5, max=100', 'Connection': 'Keep-Alive', 'Content-Type': 'application/json;charset=UTF-8'}
Response Cookies: {}
Response body: {"status":"OK","place_id":"f97f56e35331b86826316794c085afad","scope":"APP","reference":"0718c6f6feddc2941a25fec4ea5800980718c6f6feddc2941a25fec4ea580098","id":"0718c6f6feddc2941a25fec4ea580098"}
-----------

-----------
Test: tests/test_google_test_api.py::Test_create_place::test_create_new_place (call)
Date: 2023-04-02 13:09:46.241686
Request: GET https://rahulshettyacademy.com/maps/api/place/get/json?key=qaclick123&place_id=f97f56e35331b86826316794c085afad

Response code: 200
Response headers: {'Date': 'Sun, 02 Apr 2023 10:09:46 GMT', 'Server': 'Apache/2.4.41 (Ubuntu)', 'Access-Control-Allow-Origin': '*', 'Access-Control-Allow-Methods': 'POST', 'Access-Control-Max-Age': '3600', 'Access-Control-Allow-Headers': 'Content-Type, Access-Control-Allow-Headers, Authorization, X-Requested-With', 'Content-Length': '257', 'Keep-Alive': 'timeout=5, max=100', 'Connection': 'Keep-Alive', 'Content-Type': 'application/json;charset=UTF-8'}
Response Cookies: {}
Response body: {"location":{"latitude":"-38.383494","longitude":"33.427362"},"accuracy":"50","name":"Frontline house","phone_number":"(+91) 983 893 3937","address":"29, side layout, cohen 09","types":"shoe park,shop","website":"http:\/\/google.com","language":"French-IN"}
-----------

-----------
Test: tests/test_google_test_api.py::Test_create_place::test_create_new_place (call)
Date: 2023-04-02 13:09:47.470163
Request: PUT https://rahulshettyacademy.com/maps/api/place/update/json?key=qaclick123

Response code: 200
Response headers: {'Date': 'Sun, 02 Apr 2023 10:09:47 GMT', 'Server': 'Apache/2.4.41 (Ubuntu)', 'Access-Control-Allow-Origin': '*', 'Access-Control-Allow-Methods': 'POST', 'Access-Control-Max-Age': '3600', 'Access-Control-Allow-Headers': 'Content-Type, Access-Control-Allow-Headers, Authorization, X-Requested-With', 'Content-Length': '38', 'Keep-Alive': 'timeout=5, max=100', 'Connection': 'Keep-Alive', 'Content-Type': 'application/json;charset=UTF-8'}
Response Cookies: {}
Response body: {"msg":"Address successfully updated"}
-----------

-----------
Test: tests/test_google_test_api.py::Test_create_place::test_create_new_place (call)
Date: 2023-04-02 13:09:48.905216
Request: GET https://rahulshettyacademy.com/maps/api/place/get/json?key=qaclick123&place_id=f97f56e35331b86826316794c085afad

Response code: 200
Response headers: {'Date': 'Sun, 02 Apr 2023 10:09:49 GMT', 'Server': 'Apache/2.4.41 (Ubuntu)', 'Access-Control-Allow-Origin': '*', 'Access-Control-Allow-Methods': 'POST', 'Access-Control-Max-Age': '3600', 'Access-Control-Allow-Headers': 'Content-Type, Access-Control-Allow-Headers, Authorization, X-Requested-With', 'Content-Length': '253', 'Keep-Alive': 'timeout=5, max=100', 'Connection': 'Keep-Alive', 'Content-Type': 'application/json;charset=UTF-8'}
Response Cookies: {}
Response body: {"location":{"latitude":"-38.383494","longitude":"33.427362"},"accuracy":"50","name":"Frontline house","phone_number":"(+91) 983 893 3937","address":"100 Lenina street, RU","types":"shoe park,shop","website":"http:\/\/google.com","language":"French-IN"}
-----------

-----------
Test: tests/test_google_test_api.py::Test_create_place::test_create_new_place (call)
Date: 2023-04-02 13:09:49.971401
Request: DELETE https://rahulshettyacademy.com/maps/api/place/delete/json?key=qaclick123

Response code: 200
Response headers: {'Date': 'Sun, 02 Apr 2023 10:09:50 GMT', 'Server': 'Apache/2.4.41 (Ubuntu)', 'Access-Control-Allow-Origin': '*', 'Access-Control-Allow-Methods': 'POST', 'Access-Control-Max-Age': '3600', 'Access-Control-Allow-Headers': 'Content-Type, Access-Control-Allow-Headers, Authorization, X-Requested-With', 'Content-Length': '15', 'Keep-Alive': 'timeout=5, max=100', 'Connection': 'Keep-Alive', 'Content-Type': 'application/json;charset=UTF-8'}
Response Cookies: {}
Response body: {"status":"OK"}
-----------

-----------
Test: tests/test_google_test_api.py::Test_create_place::test_create_new_place (call)
Date: 2023-04-02 13:09:51.362316
Request: GET https://rahulshettyacademy.com/maps/api/place/get/json?key=qaclick123&place_id=f97f56e35331b86826316794c085afad

Response code: 404
Response headers: {'Date': 'Sun, 02 Apr 2023 10:09:51 GMT', 'Server': 'Apache/2.4.41 (Ubuntu)', 'Access-Control-Allow-Origin': '*', 'Access-Control-Allow-Methods': 'POST', 'Access-Control-Max-Age': '3600', 'Access-Control-Allow-Headers': 'Content-Type, Access-Control-Allow-Headers, Authorization, X-Requested-With', 'Content-Length': '67', 'Keep-Alive': 'timeout=5, max=100', 'Connection': 'Keep-Alive', 'Content-Type': 'application/json;charset=UTF-8'}
Response Cookies: {}
Response body: {"msg":"Get operation failed, looks like place_id  doesn't exists"}
-----------
