
-----------
Test: tests/test_google_test_api.py::Test_create_place::test_create_new_place (call)
Date: 2023-04-06 19:04:24.722590
Request: POST https://rahulshettyacademy.com/maps/api/place/add/json?key=qaclick123

Response code: 200
Response headers: {'Date': 'Thu, 06 Apr 2023 16:04:25 GMT', 'Server': 'Apache/2.4.41 (Ubuntu)', 'Access-Control-Allow-Origin': '*', 'Access-Control-Allow-Methods': 'POST', 'Access-Control-Max-Age': '3600', 'Access-Control-Allow-Headers': 'Content-Type, Access-Control-Allow-Headers, Authorization, X-Requested-With', 'Content-Length': '194', 'Keep-Alive': 'timeout=5, max=100', 'Connection': 'Keep-Alive', 'Content-Type': 'application/json;charset=UTF-8'}
Response Cookies: {}
Response body: {"status":"OK","place_id":"ec15c6995141f582a33d8cff5fc4fece","scope":"APP","reference":"562b185ea52b3c42b32da0326f579709562b185ea52b3c42b32da0326f579709","id":"562b185ea52b3c42b32da0326f579709"}
-----------

-----------
Test: tests/test_google_test_api.py::Test_create_place::test_create_new_place (call)
Date: 2023-04-06 19:04:25.379544
Request: GET https://rahulshettyacademy.com/maps/api/place/get/json?key=qaclick123&place_id=ec15c6995141f582a33d8cff5fc4fece

Response code: 200
Response headers: {'Date': 'Thu, 06 Apr 2023 16:04:26 GMT', 'Server': 'Apache/2.4.41 (Ubuntu)', 'Access-Control-Allow-Origin': '*', 'Access-Control-Allow-Methods': 'POST', 'Access-Control-Max-Age': '3600', 'Access-Control-Allow-Headers': 'Content-Type, Access-Control-Allow-Headers, Authorization, X-Requested-With', 'Content-Length': '257', 'Keep-Alive': 'timeout=5, max=100', 'Connection': 'Keep-Alive', 'Content-Type': 'application/json;charset=UTF-8'}
Response Cookies: {}
Response body: {"location":{"latitude":"-38.383494","longitude":"33.427362"},"accuracy":"50","name":"Frontline house","phone_number":"(+91) 983 893 3937","address":"29, side layout, cohen 09","types":"shoe park,shop","website":"http:\/\/google.com","language":"French-IN"}
-----------

-----------
Test: tests/test_google_test_api.py::Test_create_place::test_create_new_place (call)
Date: 2023-04-06 19:04:26.547187
Request: PUT https://rahulshettyacademy.com/maps/api/place/update/json?key=qaclick123

Response code: 200
Response headers: {'Date': 'Thu, 06 Apr 2023 16:04:27 GMT', 'Server': 'Apache/2.4.41 (Ubuntu)', 'Access-Control-Allow-Origin': '*', 'Access-Control-Allow-Methods': 'POST', 'Access-Control-Max-Age': '3600', 'Access-Control-Allow-Headers': 'Content-Type, Access-Control-Allow-Headers, Authorization, X-Requested-With', 'Content-Length': '38', 'Keep-Alive': 'timeout=5, max=100', 'Connection': 'Keep-Alive', 'Content-Type': 'application/json;charset=UTF-8'}
Response Cookies: {}
Response body: {"msg":"Address successfully updated"}
-----------

-----------
Test: tests/test_google_test_api.py::Test_create_place::test_create_new_place (call)
Date: 2023-04-06 19:04:28.055762
Request: GET https://rahulshettyacademy.com/maps/api/place/get/json?key=qaclick123&place_id=ec15c6995141f582a33d8cff5fc4fece

Response code: 200
Response headers: {'Date': 'Thu, 06 Apr 2023 16:04:28 GMT', 'Server': 'Apache/2.4.41 (Ubuntu)', 'Access-Control-Allow-Origin': '*', 'Access-Control-Allow-Methods': 'POST', 'Access-Control-Max-Age': '3600', 'Access-Control-Allow-Headers': 'Content-Type, Access-Control-Allow-Headers, Authorization, X-Requested-With', 'Content-Length': '253', 'Keep-Alive': 'timeout=5, max=100', 'Connection': 'Keep-Alive', 'Content-Type': 'application/json;charset=UTF-8'}
Response Cookies: {}
Response body: {"location":{"latitude":"-38.383494","longitude":"33.427362"},"accuracy":"50","name":"Frontline house","phone_number":"(+91) 983 893 3937","address":"100 Lenina street, RU","types":"shoe park,shop","website":"http:\/\/google.com","language":"French-IN"}
-----------

-----------
Test: tests/test_google_test_api.py::Test_create_place::test_create_new_place (call)
Date: 2023-04-06 19:04:29.285323
Request: DELETE https://rahulshettyacademy.com/maps/api/place/delete/json?key=qaclick123

Response code: 200
Response headers: {'Date': 'Thu, 06 Apr 2023 16:04:30 GMT', 'Server': 'Apache/2.4.41 (Ubuntu)', 'Access-Control-Allow-Origin': '*', 'Access-Control-Allow-Methods': 'POST', 'Access-Control-Max-Age': '3600', 'Access-Control-Allow-Headers': 'Content-Type, Access-Control-Allow-Headers, Authorization, X-Requested-With', 'Content-Length': '15', 'Keep-Alive': 'timeout=5, max=100', 'Connection': 'Keep-Alive', 'Content-Type': 'application/json;charset=UTF-8'}
Response Cookies: {}
Response body: {"status":"OK"}
-----------

-----------
Test: tests/test_google_test_api.py::Test_create_place::test_create_new_place (call)
Date: 2023-04-06 19:04:30.830632
Request: GET https://rahulshettyacademy.com/maps/api/place/get/json?key=qaclick123&place_id=ec15c6995141f582a33d8cff5fc4fece

Response code: 404
Response headers: {'Date': 'Thu, 06 Apr 2023 16:04:31 GMT', 'Server': 'Apache/2.4.41 (Ubuntu)', 'Access-Control-Allow-Origin': '*', 'Access-Control-Allow-Methods': 'POST', 'Access-Control-Max-Age': '3600', 'Access-Control-Allow-Headers': 'Content-Type, Access-Control-Allow-Headers, Authorization, X-Requested-With', 'Content-Length': '67', 'Keep-Alive': 'timeout=5, max=100', 'Connection': 'Keep-Alive', 'Content-Type': 'application/json;charset=UTF-8'}
Response Cookies: {}
Response body: {"msg":"Get operation failed, looks like place_id  doesn't exists"}
-----------
